c:\users\maria\downloads\unedited\discordeuroscope-master\discordeuroscope\debug\discordeuroscope.pch
c:\users\maria\downloads\unedited\discordeuroscope-master\discordeuroscope\debug\vc143.pdb
c:\users\maria\downloads\unedited\discordeuroscope-master\discordeuroscope\debug\vc143.idb
c:\users\maria\downloads\unedited\discordeuroscope-master\discordeuroscope\debug\stdafx.obj
c:\users\maria\downloads\unedited\discordeuroscope-master\discordeuroscope\debug\messageformatter.obj
c:\users\maria\downloads\unedited\discordeuroscope-master\discordeuroscope\debug\esehandler.obj
c:\users\maria\downloads\unedited\discordeuroscope-master\discordeuroscope\debug\discordeuroscopeext.obj
c:\users\maria\downloads\unedited\discordeuroscope-master\discordeuroscope\debug\discordeuroscope.obj
c:\users\maria\downloads\unedited\discordeuroscope-master\discordeuroscope\debug\configmanager.obj
c:\users\maria\downloads\unedited\discordeuroscope-master\discordeuroscope\debug\configdata.obj
c:\users\maria\downloads\unedited\discordeuroscope-master\debug\discordeuroscope.dll
c:\users\maria\downloads\unedited\discordeuroscope-master\debug\discordeuroscope.pdb
c:\users\maria\downloads\unedited\discordeuroscope-master\discordeuroscope\debug\discordeuroscope.res
c:\users\maria\downloads\unedited\discordeuroscope-master\debug\discordeuroscope.lib
c:\users\maria\downloads\unedited\discordeuroscope-master\debug\discordeuroscope.exp
c:\users\maria\downloads\unedited\discordeuroscope-master\discordeuroscope\debug\discordeuroscope.ilk
c:\users\maria\downloads\unedited\discordeuroscope-master\discordeuroscope\debug\discordeuroscope.tlog\cl.command.1.tlog
c:\users\maria\downloads\unedited\discordeuroscope-master\discordeuroscope\debug\discordeuroscope.tlog\cl.items.tlog
c:\users\maria\downloads\unedited\discordeuroscope-master\discordeuroscope\debug\discordeuroscope.tlog\cl.read.1.tlog
c:\users\maria\downloads\unedited\discordeuroscope-master\discordeuroscope\debug\discordeuroscope.tlog\cl.write.1.tlog
c:\users\maria\downloads\unedited\discordeuroscope-master\discordeuroscope\debug\discordeuroscope.tlog\link.command.1.tlog
c:\users\maria\downloads\unedited\discordeuroscope-master\discordeuroscope\debug\discordeuroscope.tlog\link.read.1.tlog
c:\users\maria\downloads\unedited\discordeuroscope-master\discordeuroscope\debug\discordeuroscope.tlog\link.secondary.1.tlog
c:\users\maria\downloads\unedited\discordeuroscope-master\discordeuroscope\debug\discordeuroscope.tlog\link.write.1.tlog
c:\users\maria\downloads\unedited\discordeuroscope-master\discordeuroscope\debug\discordeuroscope.tlog\rc.command.1.tlog
c:\users\maria\downloads\unedited\discordeuroscope-master\discordeuroscope\debug\discordeuroscope.tlog\rc.read.1.tlog
c:\users\maria\downloads\unedited\discordeuroscope-master\discordeuroscope\debug\discordeuroscope.tlog\rc.write.1.tlog
